<?xml version="1.0" encoding="UTF-8"?>
<testng-results skipped="0" failed="0" ignored="0" total="4" passed="4">
  <reporter-output>
  </reporter-output>
  <suite name="Suite" duration-ms="78414" started-at="2022-07-06T12:59:45 IST" finished-at="2022-07-06T13:01:03 IST">
    <groups>
      <group name="cucumber">
        <method signature="AbstractTestNGCucumberTests.runScenario(io.cucumber.testng.PickleWrapper, io.cucumber.testng.FeatureWrapper)[pri:0, instance:com.sadakar.testng.runner.RunCucumberTest@56aac163]" name="runScenario" class="io.cucumber.testng.AbstractTestNGCucumberTests"/>
      </group> <!-- cucumber -->
    </groups>
    <test name="Test" duration-ms="78414" started-at="2022-07-06T12:59:45 IST" finished-at="2022-07-06T13:01:03 IST">
      <class name="com.sadakar.testng.runner.RunCucumberTest">
        <test-method status="PASS" signature="setUpClass(org.testng.ITestContext)[pri:0, instance:com.sadakar.testng.runner.RunCucumberTest@56aac163]" name="setUpClass" is-config="true" duration-ms="503" started-at="2022-07-06T12:59:45 IST" finished-at="2022-07-06T12:59:45 IST">
          <params>
            <param index="0">
              <value>
                <![CDATA[org.testng.TestRunner@4f668f29]]>
              </value>
            </param>
          </params>
          <reporter-output>
          </reporter-output>
        </test-method> <!-- setUpClass -->
        <test-method status="PASS" signature="runScenario(io.cucumber.testng.PickleWrapper, io.cucumber.testng.FeatureWrapper)[pri:0, instance:com.sadakar.testng.runner.RunCucumberTest@56aac163]" name="runScenario" duration-ms="15278" started-at="2022-07-06T12:59:45 IST" description="Runs Cucumber Scenarios" data-provider="scenarios" finished-at="2022-07-06T13:00:00 IST">
          <params>
            <param index="0">
              <value>
                <![CDATA["DashboardTabCountOfQuickLaunhElements"]]>
              </value>
            </param>
            <param index="1">
              <value>
                <![CDATA["Optional[Dashboard page]"]]>
              </value>
            </param>
          </params>
          <reporter-output>
          </reporter-output>
        </test-method> <!-- runScenario -->
        <test-method status="PASS" signature="runScenario(io.cucumber.testng.PickleWrapper, io.cucumber.testng.FeatureWrapper)[pri:0, instance:com.sadakar.testng.runner.RunCucumberTest@56aac163]" name="runScenario" duration-ms="23213" started-at="2022-07-06T13:00:00 IST" description="Runs Cucumber Scenarios" data-provider="scenarios" finished-at="2022-07-06T13:00:24 IST">
          <params>
            <param index="0">
              <value>
                <![CDATA["DirectoryTabNavigationFromDashboardTab"]]>
              </value>
            </param>
            <param index="1">
              <value>
                <![CDATA["Optional[Dashboard page]"]]>
              </value>
            </param>
          </params>
          <reporter-output>
          </reporter-output>
        </test-method> <!-- runScenario -->
        <test-method status="PASS" signature="runScenario(io.cucumber.testng.PickleWrapper, io.cucumber.testng.FeatureWrapper)[pri:0, instance:com.sadakar.testng.runner.RunCucumberTest@56aac163]" name="runScenario" duration-ms="23932" started-at="2022-07-06T13:00:24 IST" description="Runs Cucumber Scenarios" data-provider="scenarios" finished-at="2022-07-06T13:00:48 IST">
          <params>
            <param index="0">
              <value>
                <![CDATA["DirectoryTabIsSearchButtonDisplayed"]]>
              </value>
            </param>
            <param index="1">
              <value>
                <![CDATA["Optional[Dashboard page]"]]>
              </value>
            </param>
          </params>
          <reporter-output>
          </reporter-output>
        </test-method> <!-- runScenario -->
        <test-method status="PASS" signature="runScenario(io.cucumber.testng.PickleWrapper, io.cucumber.testng.FeatureWrapper)[pri:0, instance:com.sadakar.testng.runner.RunCucumberTest@56aac163]" name="runScenario" duration-ms="13742" started-at="2022-07-06T13:00:48 IST" description="Runs Cucumber Scenarios" data-provider="scenarios" finished-at="2022-07-06T13:01:01 IST">
          <params>
            <param index="0">
              <value>
                <![CDATA["LoginValidCredentials"]]>
              </value>
            </param>
            <param index="1">
              <value>
                <![CDATA["Optional[Login to HRM Application]"]]>
              </value>
            </param>
          </params>
          <reporter-output>
          </reporter-output>
        </test-method> <!-- runScenario -->
        <test-method status="PASS" signature="tearDownClass()[pri:0, instance:com.sadakar.testng.runner.RunCucumberTest@56aac163]" name="tearDownClass" is-config="true" duration-ms="1702" started-at="2022-07-06T13:01:01 IST" finished-at="2022-07-06T13:01:03 IST">
          <reporter-output>
          </reporter-output>
        </test-method> <!-- tearDownClass -->
      </class> <!-- com.sadakar.testng.runner.RunCucumberTest -->
    </test> <!-- Test -->
  </suite> <!-- Suite -->
</testng-results>
